<?xml version="1.0" encoding="UTF-8"?>
<!-- Generated by org.testng.reporters.JUnitReportReporter -->
<testsuite hostname="DESKTOP-Q7U1RH8" failures="0" tests="1" name="TestCases.TC001_AcoountRegistrationTest" time="3.342" errors="0" timestamp="2025-07-17T20:12:42 IST" skipped="0">
  <testcase classname="TestCases.TC001_AcoountRegistrationTest" name="verification_of_accRegistration" time="3.342"/>
</testsuite> <!-- TestCases.TC001_AcoountRegistrationTest -->
