<?xml version="1.0" encoding="UTF-8"?>
<!-- Generated by org.testng.reporters.JUnitReportReporter -->
<testsuite hostname="DESKTOP-Q7U1RH8" failures="0" tests="1" name="TestCases.TC001_AcoountRegistrationTest" time="2.953" errors="0" timestamp="2025-07-07T16:58:37 IST" skipped="0">
  <testcase classname="TestCases.TC001_AcoountRegistrationTest" name="verification_of_accRegistration" time="2.953"/>
</testsuite> <!-- TestCases.TC001_AcoountRegistrationTest -->
