<?xml version="1.0" encoding="UTF-8"?>
<!-- Generated by org.testng.reporters.JUnitReportReporter -->
<testsuite hostname="DESKTOP-Q7U1RH8" failures="0" tests="1" name="TestCases.TC002_LoginTest" time="3.558" errors="0" timestamp="2025-07-17T21:43:24 IST" skipped="0">
  <testcase classname="TestCases.TC002_LoginTest" name="verification_of_loginPage" time="3.558"/>
</testsuite> <!-- TestCases.TC002_LoginTest -->
